{"/Users/hieuho/InternsAIver2/packages/core/src/compiler/linguistics-compiler.ts": {"path":"/Users/hieuho/InternsAIver2/packages/core/src/compiler/linguistics-compiler.ts","statementMap":{"0":{"start":{"line":6,"column":26},"end":{"line":6,"column":null}},"1":{"start":{"line":9,"column":2},"end":{"line":23,"column":null}},"2":{"start":{"line":10,"column":44},"end":{"line":10,"column":null}},"3":{"start":{"line":11,"column":4},"end":{"line":14,"column":null}},"4":{"start":{"line":12,"column":6},"end":{"line":13,"column":null}},"5":{"start":{"line":12,"column":27},"end":{"line":12,"column":null}},"6":{"start":{"line":12,"column":74},"end":{"line":13,"column":null}},"7":{"start":{"line":13,"column":32},"end":{"line":13,"column":null}},"8":{"start":{"line":15,"column":4},"end":{"line":18,"column":null}},"9":{"start":{"line":16,"column":6},"end":{"line":17,"column":null}},"10":{"start":{"line":16,"column":27},"end":{"line":16,"column":null}},"11":{"start":{"line":16,"column":80},"end":{"line":17,"column":null}},"12":{"start":{"line":17,"column":32},"end":{"line":17,"column":null}},"13":{"start":{"line":19,"column":4},"end":{"line":22,"column":null}},"14":{"start":{"line":20,"column":6},"end":{"line":21,"column":null}},"15":{"start":{"line":20,"column":23},"end":{"line":20,"column":null}},"16":{"start":{"line":20,"column":77},"end":{"line":21,"column":null}},"17":{"start":{"line":21,"column":28},"end":{"line":21,"column":null}},"18":{"start":{"line":26,"column":2},"end":{"line":37,"column":null}},"19":{"start":{"line":27,"column":58},"end":{"line":27,"column":null}},"20":{"start":{"line":28,"column":4},"end":{"line":30,"column":null}},"21":{"start":{"line":29,"column":6},"end":{"line":29,"column":null}},"22":{"start":{"line":31,"column":4},"end":{"line":33,"column":null}},"23":{"start":{"line":32,"column":6},"end":{"line":32,"column":null}},"24":{"start":{"line":34,"column":4},"end":{"line":36,"column":null}},"25":{"start":{"line":35,"column":6},"end":{"line":35,"column":null}},"26":{"start":{"line":40,"column":2},"end":{"line":42,"column":null}},"27":{"start":{"line":41,"column":4},"end":{"line":41,"column":null}},"28":{"start":{"line":44,"column":2},"end":{"line":46,"column":null}}},"fnMap":{"0":{"name":"compileLinguistics","decl":{"start":{"line":5,"column":16},"end":{"line":5,"column":35}},"loc":{"start":{"line":5,"column":67},"end":{"line":47,"column":null}},"line":5}},"branchMap":{"0":{"loc":{"start":{"line":9,"column":2},"end":{"line":23,"column":null}},"type":"if","locations":[{"start":{"line":9,"column":2},"end":{"line":23,"column":null}},{"start":{},"end":{}}],"line":9},"1":{"loc":{"start":{"line":11,"column":4},"end":{"line":14,"column":null}},"type":"if","locations":[{"start":{"line":11,"column":4},"end":{"line":14,"column":null}},{"start":{},"end":{}}],"line":11},"2":{"loc":{"start":{"line":12,"column":6},"end":{"line":13,"column":null}},"type":"if","locations":[{"start":{"line":12,"column":6},"end":{"line":13,"column":null}},{"start":{"line":12,"column":74},"end":{"line":13,"column":null}}],"line":12},"3":{"loc":{"start":{"line":12,"column":74},"end":{"line":13,"column":null}},"type":"if","locations":[{"start":{"line":12,"column":74},"end":{"line":13,"column":null}},{"start":{},"end":{}}],"line":12},"4":{"loc":{"start":{"line":15,"column":4},"end":{"line":18,"column":null}},"type":"if","locations":[{"start":{"line":15,"column":4},"end":{"line":18,"column":null}},{"start":{},"end":{}}],"line":15},"5":{"loc":{"start":{"line":16,"column":6},"end":{"line":17,"column":null}},"type":"if","locations":[{"start":{"line":16,"column":6},"end":{"line":17,"column":null}},{"start":{"line":16,"column":80},"end":{"line":17,"column":null}}],"line":16},"6":{"loc":{"start":{"line":16,"column":80},"end":{"line":17,"column":null}},"type":"if","locations":[{"start":{"line":16,"column":80},"end":{"line":17,"column":null}},{"start":{},"end":{}}],"line":16},"7":{"loc":{"start":{"line":19,"column":4},"end":{"line":22,"column":null}},"type":"if","locations":[{"start":{"line":19,"column":4},"end":{"line":22,"column":null}},{"start":{},"end":{}}],"line":19},"8":{"loc":{"start":{"line":20,"column":6},"end":{"line":21,"column":null}},"type":"if","locations":[{"start":{"line":20,"column":6},"end":{"line":21,"column":null}},{"start":{"line":20,"column":77},"end":{"line":21,"column":null}}],"line":20},"9":{"loc":{"start":{"line":20,"column":77},"end":{"line":21,"column":null}},"type":"if","locations":[{"start":{"line":20,"column":77},"end":{"line":21,"column":null}},{"start":{},"end":{}}],"line":20},"10":{"loc":{"start":{"line":26,"column":2},"end":{"line":37,"column":null}},"type":"if","locations":[{"start":{"line":26,"column":2},"end":{"line":37,"column":null}},{"start":{},"end":{}}],"line":26},"11":{"loc":{"start":{"line":28,"column":4},"end":{"line":30,"column":null}},"type":"if","locations":[{"start":{"line":28,"column":4},"end":{"line":30,"column":null}},{"start":{},"end":{}}],"line":28},"12":{"loc":{"start":{"line":31,"column":4},"end":{"line":33,"column":null}},"type":"if","locations":[{"start":{"line":31,"column":4},"end":{"line":33,"column":null}},{"start":{},"end":{}}],"line":31},"13":{"loc":{"start":{"line":34,"column":4},"end":{"line":36,"column":null}},"type":"if","locations":[{"start":{"line":34,"column":4},"end":{"line":36,"column":null}},{"start":{},"end":{}}],"line":34},"14":{"loc":{"start":{"line":40,"column":2},"end":{"line":42,"column":null}},"type":"if","locations":[{"start":{"line":40,"column":2},"end":{"line":42,"column":null}},{"start":{},"end":{}}],"line":40},"15":{"loc":{"start":{"line":44,"column":9},"end":{"line":46,"column":null}},"type":"cond-expr","locations":[{"start":{"line":45,"column":6},"end":{"line":45,"column":null}},{"start":{"line":46,"column":6},"end":{"line":46,"column":null}}],"line":44}},"s":{"0":33,"1":33,"2":26,"3":26,"4":22,"5":3,"6":19,"7":2,"8":26,"9":20,"10":1,"11":19,"12":2,"13":26,"14":20,"15":1,"16":19,"17":1,"18":33,"19":22,"20":22,"21":19,"22":22,"23":20,"24":22,"25":18,"26":33,"27":18,"28":33},"f":{"0":33},"b":{"0":[26,7],"1":[22,4],"2":[3,19],"3":[2,17],"4":[20,6],"5":[1,19],"6":[2,17],"7":[20,6],"8":[1,19],"9":[1,18],"10":[22,11],"11":[19,3],"12":[20,2],"13":[18,4],"14":[18,15],"15":[32,1]},"meta":{"lastBranch":16,"lastFunction":1,"lastStatement":29,"seen":{"f:5:16:5:35":0,"s:6:26:6:Infinity":0,"b:9:2:23:Infinity:undefined:undefined:undefined:undefined":0,"s:9:2:23:Infinity":1,"s:10:44:10:Infinity":2,"b:11:4:14:Infinity:undefined:undefined:undefined:undefined":1,"s:11:4:14:Infinity":3,"b:12:6:13:Infinity:12:74:13:Infinity":2,"s:12:6:13:Infinity":4,"s:12:27:12:Infinity":5,"b:12:74:13:Infinity:undefined:undefined:undefined:undefined":3,"s:12:74:13:Infinity":6,"s:13:32:13:Infinity":7,"b:15:4:18:Infinity:undefined:undefined:undefined:undefined":4,"s:15:4:18:Infinity":8,"b:16:6:17:Infinity:16:80:17:Infinity":5,"s:16:6:17:Infinity":9,"s:16:27:16:Infinity":10,"b:16:80:17:Infinity:undefined:undefined:undefined:undefined":6,"s:16:80:17:Infinity":11,"s:17:32:17:Infinity":12,"b:19:4:22:Infinity:undefined:undefined:undefined:undefined":7,"s:19:4:22:Infinity":13,"b:20:6:21:Infinity:20:77:21:Infinity":8,"s:20:6:21:Infinity":14,"s:20:23:20:Infinity":15,"b:20:77:21:Infinity:undefined:undefined:undefined:undefined":9,"s:20:77:21:Infinity":16,"s:21:28:21:Infinity":17,"b:26:2:37:Infinity:undefined:undefined:undefined:undefined":10,"s:26:2:37:Infinity":18,"s:27:58:27:Infinity":19,"b:28:4:30:Infinity:undefined:undefined:undefined:undefined":11,"s:28:4:30:Infinity":20,"s:29:6:29:Infinity":21,"b:31:4:33:Infinity:undefined:undefined:undefined:undefined":12,"s:31:4:33:Infinity":22,"s:32:6:32:Infinity":23,"b:34:4:36:Infinity:undefined:undefined:undefined:undefined":13,"s:34:4:36:Infinity":24,"s:35:6:35:Infinity":25,"b:40:2:42:Infinity:undefined:undefined:undefined:undefined":14,"s:40:2:42:Infinity":26,"s:41:4:41:Infinity":27,"s:44:2:46:Infinity":28,"b:45:6:45:Infinity:46:6:46:Infinity":15}}}
,"/Users/hieuho/InternsAIver2/packages/core/src/compiler/neural-matrix-compiler.ts": {"path":"/Users/hieuho/InternsAIver2/packages/core/src/compiler/neural-matrix-compiler.ts","statementMap":{"0":{"start":{"line":5,"column":81},"end":{"line":36,"column":null}},"1":{"start":{"line":40,"column":2},"end":{"line":40,"column":null}},"2":{"start":{"line":40,"column":19},"end":{"line":40,"column":null}},"3":{"start":{"line":41,"column":2},"end":{"line":41,"column":null}},"4":{"start":{"line":41,"column":20},"end":{"line":41,"column":null}},"5":{"start":{"line":42,"column":2},"end":{"line":42,"column":null}},"6":{"start":{"line":47,"column":26},"end":{"line":47,"column":null}},"7":{"start":{"line":49,"column":2},"end":{"line":56,"column":null}},"8":{"start":{"line":50,"column":18},"end":{"line":50,"column":null}},"9":{"start":{"line":51,"column":16},"end":{"line":51,"column":null}},"10":{"start":{"line":52,"column":24},"end":{"line":52,"column":null}},"11":{"start":{"line":53,"column":4},"end":{"line":55,"column":null}},"12":{"start":{"line":54,"column":6},"end":{"line":54,"column":null}},"13":{"start":{"line":58,"column":2},"end":{"line":60,"column":null}}},"fnMap":{"0":{"name":"getThresholdIndex","decl":{"start":{"line":39,"column":9},"end":{"line":39,"column":27}},"loc":{"start":{"line":39,"column":53},"end":{"line":43,"column":null}},"line":39},"1":{"name":"compileNeuralMatrix","decl":{"start":{"line":46,"column":16},"end":{"line":46,"column":36}},"loc":{"start":{"line":46,"column":62},"end":{"line":61,"column":null}},"line":46}},"branchMap":{"0":{"loc":{"start":{"line":40,"column":2},"end":{"line":40,"column":null}},"type":"if","locations":[{"start":{"line":40,"column":2},"end":{"line":40,"column":null}},{"start":{},"end":{}}],"line":40},"1":{"loc":{"start":{"line":41,"column":2},"end":{"line":41,"column":null}},"type":"if","locations":[{"start":{"line":41,"column":2},"end":{"line":41,"column":null}},{"start":{},"end":{}}],"line":41},"2":{"loc":{"start":{"line":53,"column":4},"end":{"line":55,"column":null}},"type":"if","locations":[{"start":{"line":53,"column":4},"end":{"line":55,"column":null}},{"start":{},"end":{}}],"line":53},"3":{"loc":{"start":{"line":58,"column":9},"end":{"line":60,"column":null}},"type":"cond-expr","locations":[{"start":{"line":59,"column":6},"end":{"line":59,"column":null}},{"start":{"line":60,"column":6},"end":{"line":60,"column":null}}],"line":58}},"s":{"0":2,"1":222,"2":7,"3":215,"4":118,"5":97,"6":37,"7":37,"8":222,"9":222,"10":222,"11":222,"12":222,"13":37},"f":{"0":222,"1":37},"b":{"0":[7,215],"1":[118,97],"2":[222,0],"3":[37,0]},"meta":{"lastBranch":4,"lastFunction":2,"lastStatement":14,"seen":{"s:5:81:36:Infinity":0,"f:39:9:39:27":0,"b:40:2:40:Infinity:undefined:undefined:undefined:undefined":0,"s:40:2:40:Infinity":1,"s:40:19:40:Infinity":2,"b:41:2:41:Infinity:undefined:undefined:undefined:undefined":1,"s:41:2:41:Infinity":3,"s:41:20:41:Infinity":4,"s:42:2:42:Infinity":5,"f:46:16:46:36":1,"s:47:26:47:Infinity":6,"s:49:2:56:Infinity":7,"s:50:18:50:Infinity":8,"s:51:16:51:Infinity":9,"s:52:24:52:Infinity":10,"b:53:4:55:Infinity:undefined:undefined:undefined:undefined":2,"s:53:4:55:Infinity":11,"s:54:6:54:Infinity":12,"s:58:2:60:Infinity":13,"b:59:6:59:Infinity:60:6:60:Infinity":3}}}
,"/Users/hieuho/InternsAIver2/packages/core/src/compiler/persona-prompt-compiler.ts": {"path":"/Users/hieuho/InternsAIver2/packages/core/src/compiler/persona-prompt-compiler.ts","statementMap":{"0":{"start":{"line":8,"column":29},"end":{"line":8,"column":null}},"1":{"start":{"line":11,"column":15},"end":{"line":13,"column":null}},"2":{"start":{"line":14,"column":2},"end":{"line":14,"column":null}},"3":{"start":{"line":16,"column":2},"end":{"line":18,"column":null}},"4":{"start":{"line":17,"column":4},"end":{"line":17,"column":null}},"5":{"start":{"line":21,"column":28},"end":{"line":21,"column":null}},"6":{"start":{"line":22,"column":2},"end":{"line":22,"column":null}},"7":{"start":{"line":22,"column":30},"end":{"line":22,"column":null}},"8":{"start":{"line":23,"column":2},"end":{"line":23,"column":null}},"9":{"start":{"line":23,"column":27},"end":{"line":23,"column":null}},"10":{"start":{"line":24,"column":2},"end":{"line":24,"column":null}},"11":{"start":{"line":24,"column":33},"end":{"line":24,"column":null}},"12":{"start":{"line":25,"column":2},"end":{"line":27,"column":null}},"13":{"start":{"line":26,"column":4},"end":{"line":26,"column":null}},"14":{"start":{"line":28,"column":2},"end":{"line":30,"column":null}},"15":{"start":{"line":29,"column":4},"end":{"line":29,"column":null}},"16":{"start":{"line":33,"column":2},"end":{"line":35,"column":null}},"17":{"start":{"line":34,"column":4},"end":{"line":34,"column":null}},"18":{"start":{"line":36,"column":2},"end":{"line":38,"column":null}},"19":{"start":{"line":37,"column":4},"end":{"line":37,"column":null}},"20":{"start":{"line":41,"column":2},"end":{"line":44,"column":null}},"21":{"start":{"line":42,"column":10},"end":{"line":42,"column":null}},"22":{"start":{"line":43,"column":4},"end":{"line":43,"column":null}},"23":{"start":{"line":43,"column":19},"end":{"line":43,"column":null}},"24":{"start":{"line":47,"column":2},"end":{"line":50,"column":null}},"25":{"start":{"line":48,"column":10},"end":{"line":48,"column":null}},"26":{"start":{"line":49,"column":4},"end":{"line":49,"column":null}},"27":{"start":{"line":49,"column":21},"end":{"line":49,"column":null}},"28":{"start":{"line":53,"column":2},"end":{"line":57,"column":null}},"29":{"start":{"line":54,"column":19},"end":{"line":54,"column":null}},"30":{"start":{"line":54,"column":65},"end":{"line":54,"column":88}},"31":{"start":{"line":55,"column":23},"end":{"line":55,"column":null}},"32":{"start":{"line":55,"column":39},"end":{"line":55,"column":78}},"33":{"start":{"line":56,"column":4},"end":{"line":56,"column":null}},"34":{"start":{"line":60,"column":2},"end":{"line":62,"column":null}},"35":{"start":{"line":61,"column":4},"end":{"line":61,"column":null}},"36":{"start":{"line":64,"column":2},"end":{"line":64,"column":null}}},"fnMap":{"0":{"name":"compilePersonaPrompt","decl":{"start":{"line":7,"column":16},"end":{"line":7,"column":37}},"loc":{"start":{"line":7,"column":65},"end":{"line":65,"column":null}},"line":7},"1":{"name":"(anonymous_1)","decl":{"start":{"line":54,"column":55},"end":{"line":54,"column":56}},"loc":{"start":{"line":54,"column":65},"end":{"line":54,"column":88}},"line":54},"2":{"name":"(anonymous_2)","decl":{"start":{"line":55,"column":34},"end":{"line":55,"column":39}},"loc":{"start":{"line":55,"column":39},"end":{"line":55,"column":78}},"line":55}},"branchMap":{"0":{"loc":{"start":{"line":11,"column":15},"end":{"line":13,"column":null}},"type":"binary-expr","locations":[{"start":{"line":11,"column":15},"end":{"line":11,"column":null}},{"start":{"line":12,"column":7},"end":{"line":12,"column":null}},{"start":{"line":13,"column":7},"end":{"line":13,"column":null}}],"line":11},"1":{"loc":{"start":{"line":16,"column":2},"end":{"line":18,"column":null}},"type":"if","locations":[{"start":{"line":16,"column":2},"end":{"line":18,"column":null}},{"start":{},"end":{}}],"line":16},"2":{"loc":{"start":{"line":22,"column":2},"end":{"line":22,"column":null}},"type":"if","locations":[{"start":{"line":22,"column":2},"end":{"line":22,"column":null}},{"start":{},"end":{}}],"line":22},"3":{"loc":{"start":{"line":23,"column":2},"end":{"line":23,"column":null}},"type":"if","locations":[{"start":{"line":23,"column":2},"end":{"line":23,"column":null}},{"start":{},"end":{}}],"line":23},"4":{"loc":{"start":{"line":24,"column":2},"end":{"line":24,"column":null}},"type":"if","locations":[{"start":{"line":24,"column":2},"end":{"line":24,"column":null}},{"start":{},"end":{}}],"line":24},"5":{"loc":{"start":{"line":25,"column":2},"end":{"line":27,"column":null}},"type":"if","locations":[{"start":{"line":25,"column":2},"end":{"line":27,"column":null}},{"start":{},"end":{}}],"line":25},"6":{"loc":{"start":{"line":28,"column":2},"end":{"line":30,"column":null}},"type":"if","locations":[{"start":{"line":28,"column":2},"end":{"line":30,"column":null}},{"start":{},"end":{}}],"line":28},"7":{"loc":{"start":{"line":33,"column":2},"end":{"line":35,"column":null}},"type":"if","locations":[{"start":{"line":33,"column":2},"end":{"line":35,"column":null}},{"start":{},"end":{}}],"line":33},"8":{"loc":{"start":{"line":36,"column":2},"end":{"line":38,"column":null}},"type":"if","locations":[{"start":{"line":36,"column":2},"end":{"line":38,"column":null}},{"start":{},"end":{}}],"line":36},"9":{"loc":{"start":{"line":41,"column":2},"end":{"line":44,"column":null}},"type":"if","locations":[{"start":{"line":41,"column":2},"end":{"line":44,"column":null}},{"start":{},"end":{}}],"line":41},"10":{"loc":{"start":{"line":43,"column":4},"end":{"line":43,"column":null}},"type":"if","locations":[{"start":{"line":43,"column":4},"end":{"line":43,"column":null}},{"start":{},"end":{}}],"line":43},"11":{"loc":{"start":{"line":47,"column":2},"end":{"line":50,"column":null}},"type":"if","locations":[{"start":{"line":47,"column":2},"end":{"line":50,"column":null}},{"start":{},"end":{}}],"line":47},"12":{"loc":{"start":{"line":49,"column":4},"end":{"line":49,"column":null}},"type":"if","locations":[{"start":{"line":49,"column":4},"end":{"line":49,"column":null}},{"start":{},"end":{}}],"line":49},"13":{"loc":{"start":{"line":53,"column":2},"end":{"line":57,"column":null}},"type":"if","locations":[{"start":{"line":53,"column":2},"end":{"line":57,"column":null}},{"start":{},"end":{}}],"line":53},"14":{"loc":{"start":{"line":60,"column":2},"end":{"line":62,"column":null}},"type":"if","locations":[{"start":{"line":60,"column":2},"end":{"line":62,"column":null}},{"start":{},"end":{}}],"line":60}},"s":{"0":23,"1":23,"2":23,"3":23,"4":17,"5":23,"6":23,"7":17,"8":23,"9":18,"10":23,"11":17,"12":23,"13":17,"14":23,"15":18,"16":23,"17":17,"18":23,"19":17,"20":23,"21":17,"22":17,"23":17,"24":23,"25":17,"26":17,"27":17,"28":23,"29":17,"30":68,"31":17,"32":85,"33":17,"34":23,"35":17,"36":23},"f":{"0":23,"1":68,"2":85},"b":{"0":[23,3,2],"1":[17,6],"2":[17,6],"3":[18,5],"4":[17,6],"5":[17,6],"6":[18,5],"7":[17,6],"8":[17,6],"9":[17,6],"10":[17,0],"11":[17,6],"12":[17,0],"13":[17,6],"14":[17,6]},"meta":{"lastBranch":15,"lastFunction":3,"lastStatement":37,"seen":{"f:7:16:7:37":0,"s:8:29:8:Infinity":0,"s:11:15:13:Infinity":1,"b:11:15:11:Infinity:12:7:12:Infinity:13:7:13:Infinity":0,"s:14:2:14:Infinity":2,"b:16:2:18:Infinity:undefined:undefined:undefined:undefined":1,"s:16:2:18:Infinity":3,"s:17:4:17:Infinity":4,"s:21:28:21:Infinity":5,"b:22:2:22:Infinity:undefined:undefined:undefined:undefined":2,"s:22:2:22:Infinity":6,"s:22:30:22:Infinity":7,"b:23:2:23:Infinity:undefined:undefined:undefined:undefined":3,"s:23:2:23:Infinity":8,"s:23:27:23:Infinity":9,"b:24:2:24:Infinity:undefined:undefined:undefined:undefined":4,"s:24:2:24:Infinity":10,"s:24:33:24:Infinity":11,"b:25:2:27:Infinity:undefined:undefined:undefined:undefined":5,"s:25:2:27:Infinity":12,"s:26:4:26:Infinity":13,"b:28:2:30:Infinity:undefined:undefined:undefined:undefined":6,"s:28:2:30:Infinity":14,"s:29:4:29:Infinity":15,"b:33:2:35:Infinity:undefined:undefined:undefined:undefined":7,"s:33:2:35:Infinity":16,"s:34:4:34:Infinity":17,"b:36:2:38:Infinity:undefined:undefined:undefined:undefined":8,"s:36:2:38:Infinity":18,"s:37:4:37:Infinity":19,"b:41:2:44:Infinity:undefined:undefined:undefined:undefined":9,"s:41:2:44:Infinity":20,"s:42:10:42:Infinity":21,"b:43:4:43:Infinity:undefined:undefined:undefined:undefined":10,"s:43:4:43:Infinity":22,"s:43:19:43:Infinity":23,"b:47:2:50:Infinity:undefined:undefined:undefined:undefined":11,"s:47:2:50:Infinity":24,"s:48:10:48:Infinity":25,"b:49:4:49:Infinity:undefined:undefined:undefined:undefined":12,"s:49:4:49:Infinity":26,"s:49:21:49:Infinity":27,"b:53:2:57:Infinity:undefined:undefined:undefined:undefined":13,"s:53:2:57:Infinity":28,"s:54:19:54:Infinity":29,"f:54:55:54:56":1,"s:54:65:54:88":30,"s:55:23:55:Infinity":31,"f:55:34:55:39":2,"s:55:39:55:78":32,"s:56:4:56:Infinity":33,"b:60:2:62:Infinity:undefined:undefined:undefined:undefined":14,"s:60:2:62:Infinity":34,"s:61:4:61:Infinity":35,"s:64:2:64:Infinity":36}}}
,"/Users/hieuho/InternsAIver2/packages/core/src/package-io/intern-package-reader.ts": {"path":"/Users/hieuho/InternsAIver2/packages/core/src/package-io/intern-package-reader.ts","statementMap":{"0":{"start":{"line":11,"column":8},"end":{"line":11,"column":null}},"1":{"start":{"line":14,"column":8},"end":{"line":14,"column":null}},"2":{"start":{"line":15,"column":22},"end":{"line":15,"column":null}},"3":{"start":{"line":16,"column":19},"end":{"line":16,"column":null}},"4":{"start":{"line":19,"column":8},"end":{"line":19,"column":null}},"5":{"start":{"line":20,"column":19},"end":{"line":20,"column":null}},"6":{"start":{"line":21,"column":8},"end":{"line":21,"column":null}},"7":{"start":{"line":24,"column":17},"end":{"line":24,"column":null}},"8":{"start":{"line":27,"column":26},"end":{"line":27,"column":null}},"9":{"start":{"line":30,"column":8},"end":{"line":30,"column":null}},"10":{"start":{"line":32,"column":2},"end":{"line":32,"column":null}},"11":{"start":{"line":37,"column":2},"end":{"line":37,"column":null}},"12":{"start":{"line":37,"column":30},"end":{"line":37,"column":null}},"13":{"start":{"line":39,"column":2},"end":{"line":51,"column":null}},"14":{"start":{"line":41,"column":12},"end":{"line":41,"column":null}},"15":{"start":{"line":42,"column":6},"end":{"line":42,"column":null}},"16":{"start":{"line":45,"column":12},"end":{"line":45,"column":null}},"17":{"start":{"line":46,"column":12},"end":{"line":48,"column":null}},"18":{"start":{"line":49,"column":6},"end":{"line":49,"column":null}},"19":{"start":{"line":51,"column":17},"end":{"line":51,"column":37}},"20":{"start":{"line":56,"column":2},"end":{"line":56,"column":null}},"21":{"start":{"line":56,"column":29},"end":{"line":56,"column":null}},"22":{"start":{"line":58,"column":2},"end":{"line":60,"column":null}},"23":{"start":{"line":59,"column":20},"end":{"line":59,"column":40}},"24":{"start":{"line":60,"column":9},"end":{"line":60,"column":37}}},"fnMap":{"0":{"name":"readInternPackage","decl":{"start":{"line":10,"column":16},"end":{"line":10,"column":34}},"loc":{"start":{"line":10,"column":62},"end":{"line":33,"column":null}},"line":10},"1":{"name":"readSkills","decl":{"start":{"line":36,"column":9},"end":{"line":36,"column":20}},"loc":{"start":{"line":36,"column":52},"end":{"line":52,"column":null}},"line":36},"2":{"name":"(anonymous_2)","decl":{"start":{"line":40,"column":12},"end":{"line":40,"column":20}},"loc":{"start":{"line":40,"column":20},"end":{"line":43,"column":5}},"line":40},"3":{"name":"(anonymous_3)","decl":{"start":{"line":44,"column":9},"end":{"line":44,"column":17}},"loc":{"start":{"line":44,"column":17},"end":{"line":50,"column":5}},"line":44},"4":{"name":"(anonymous_4)","decl":{"start":{"line":51,"column":12},"end":{"line":51,"column":17}},"loc":{"start":{"line":51,"column":17},"end":{"line":51,"column":37}},"line":51},"5":{"name":"readMemorySeeds","decl":{"start":{"line":55,"column":9},"end":{"line":55,"column":25}},"loc":{"start":{"line":55,"column":53},"end":{"line":61,"column":null}},"line":55},"6":{"name":"(anonymous_6)","decl":{"start":{"line":59,"column":12},"end":{"line":59,"column":20}},"loc":{"start":{"line":59,"column":20},"end":{"line":59,"column":40}},"line":59},"7":{"name":"(anonymous_7)","decl":{"start":{"line":60,"column":9},"end":{"line":60,"column":17}},"loc":{"start":{"line":60,"column":9},"end":{"line":60,"column":37}},"line":60}},"branchMap":{"0":{"loc":{"start":{"line":37,"column":2},"end":{"line":37,"column":null}},"type":"if","locations":[{"start":{"line":37,"column":2},"end":{"line":37,"column":null}},{"start":{},"end":{}}],"line":37},"1":{"loc":{"start":{"line":46,"column":12},"end":{"line":48,"column":null}},"type":"cond-expr","locations":[{"start":{"line":46,"column":42},"end":{"line":47,"column":null}},{"start":{"line":48,"column":10},"end":{"line":48,"column":null}}],"line":46},"2":{"loc":{"start":{"line":56,"column":2},"end":{"line":56,"column":null}},"type":"if","locations":[{"start":{"line":56,"column":2},"end":{"line":56,"column":null}},{"start":{},"end":{}}],"line":56}},"s":{"0":46,"1":46,"2":46,"3":46,"4":46,"5":46,"6":46,"7":46,"8":46,"9":46,"10":46,"11":44,"12":0,"13":44,"14":220,"15":220,"16":220,"17":220,"18":220,"19":220,"20":44,"21":0,"22":44,"23":80,"24":80},"f":{"0":46,"1":44,"2":220,"3":220,"4":220,"5":44,"6":80,"7":80},"b":{"0":[0,44],"1":[220,0],"2":[0,44]},"meta":{"lastBranch":3,"lastFunction":8,"lastStatement":25,"seen":{"f:10:16:10:34":0,"s:11:8:11:Infinity":0,"s:14:8:14:Infinity":1,"s:15:22:15:Infinity":2,"s:16:19:16:Infinity":3,"s:19:8:19:Infinity":4,"s:20:19:20:Infinity":5,"s:21:8:21:Infinity":6,"s:24:17:24:Infinity":7,"s:27:26:27:Infinity":8,"s:30:8:30:Infinity":9,"s:32:2:32:Infinity":10,"f:36:9:36:20":1,"b:37:2:37:Infinity:undefined:undefined:undefined:undefined":0,"s:37:2:37:Infinity":11,"s:37:30:37:Infinity":12,"s:39:2:51:Infinity":13,"f:40:12:40:20":2,"s:41:12:41:Infinity":14,"s:42:6:42:Infinity":15,"f:44:9:44:17":3,"s:45:12:45:Infinity":16,"s:46:12:48:Infinity":17,"b:46:42:47:Infinity:48:10:48:Infinity":1,"s:49:6:49:Infinity":18,"f:51:12:51:17":4,"s:51:17:51:37":19,"f:55:9:55:25":5,"b:56:2:56:Infinity:undefined:undefined:undefined:undefined":2,"s:56:2:56:Infinity":20,"s:56:29:56:Infinity":21,"s:58:2:60:Infinity":22,"f:59:12:59:20":6,"s:59:20:59:40":23,"f:60:9:60:17":7,"s:60:9:60:37":24}}}
,"/Users/hieuho/InternsAIver2/packages/core/src/package-io/intern-package-validator.ts": {"path":"/Users/hieuho/InternsAIver2/packages/core/src/package-io/intern-package-validator.ts","statementMap":{"0":{"start":{"line":15,"column":27},"end":{"line":15,"column":null}},"1":{"start":{"line":16,"column":29},"end":{"line":16,"column":null}},"2":{"start":{"line":19,"column":8},"end":{"line":19,"column":null}},"3":{"start":{"line":20,"column":2},"end":{"line":23,"column":null}},"4":{"start":{"line":21,"column":4},"end":{"line":21,"column":null}},"5":{"start":{"line":22,"column":4},"end":{"line":22,"column":null}},"6":{"start":{"line":26,"column":2},"end":{"line":58,"column":null}},"7":{"start":{"line":27,"column":16},"end":{"line":27,"column":null}},"8":{"start":{"line":28,"column":21},"end":{"line":28,"column":null}},"9":{"start":{"line":31,"column":10},"end":{"line":31,"column":null}},"10":{"start":{"line":32,"column":4},"end":{"line":42,"column":null}},"11":{"start":{"line":33,"column":6},"end":{"line":33,"column":null}},"12":{"start":{"line":36,"column":6},"end":{"line":41,"column":null}},"13":{"start":{"line":37,"column":25},"end":{"line":37,"column":null}},"14":{"start":{"line":38,"column":8},"end":{"line":38,"column":null}},"15":{"start":{"line":40,"column":8},"end":{"line":40,"column":null}},"16":{"start":{"line":45,"column":4},"end":{"line":50,"column":null}},"17":{"start":{"line":46,"column":12},"end":{"line":46,"column":null}},"18":{"start":{"line":47,"column":6},"end":{"line":49,"column":null}},"19":{"start":{"line":48,"column":8},"end":{"line":48,"column":null}},"20":{"start":{"line":53,"column":4},"end":{"line":55,"column":null}},"21":{"start":{"line":54,"column":6},"end":{"line":54,"column":null}},"22":{"start":{"line":57,"column":4},"end":{"line":57,"column":null}},"23":{"start":{"line":60,"column":2},"end":{"line":60,"column":null}}},"fnMap":{"0":{"name":"validateInternPackage","decl":{"start":{"line":14,"column":16},"end":{"line":14,"column":38}},"loc":{"start":{"line":14,"column":69},"end":{"line":61,"column":null}},"line":14}},"branchMap":{"0":{"loc":{"start":{"line":20,"column":2},"end":{"line":23,"column":null}},"type":"if","locations":[{"start":{"line":20,"column":2},"end":{"line":23,"column":null}},{"start":{},"end":{}}],"line":20},"1":{"loc":{"start":{"line":32,"column":4},"end":{"line":42,"column":null}},"type":"if","locations":[{"start":{"line":32,"column":4},"end":{"line":42,"column":null}},{"start":{"line":34,"column":11},"end":{"line":42,"column":null}}],"line":32},"2":{"loc":{"start":{"line":40,"column":43},"end":{"line":40,"column":85}},"type":"cond-expr","locations":[{"start":{"line":40,"column":64},"end":{"line":40,"column":76}},{"start":{"line":40,"column":76},"end":{"line":40,"column":85}}],"line":40},"3":{"loc":{"start":{"line":47,"column":6},"end":{"line":49,"column":null}},"type":"if","locations":[{"start":{"line":47,"column":6},"end":{"line":49,"column":null}},{"start":{},"end":{}}],"line":47},"4":{"loc":{"start":{"line":53,"column":4},"end":{"line":55,"column":null}},"type":"if","locations":[{"start":{"line":53,"column":4},"end":{"line":55,"column":null}},{"start":{},"end":{}}],"line":53},"5":{"loc":{"start":{"line":57,"column":42},"end":{"line":57,"column":84}},"type":"cond-expr","locations":[{"start":{"line":57,"column":63},"end":{"line":57,"column":75}},{"start":{"line":57,"column":75},"end":{"line":57,"column":84}}],"line":57}},"s":{"0":17,"1":17,"2":17,"3":17,"4":3,"5":3,"6":14,"7":14,"8":14,"9":14,"10":14,"11":2,"12":9,"13":9,"14":9,"15":1,"16":11,"17":46,"18":46,"19":6,"20":11,"21":11,"22":3,"23":14},"f":{"0":17},"b":{"0":[3,14],"1":[2,9],"2":[1,0],"3":[6,40],"4":[11,0],"5":[3,0]},"meta":{"lastBranch":6,"lastFunction":1,"lastStatement":24,"seen":{"f:14:16:14:38":0,"s:15:27:15:Infinity":0,"s:16:29:16:Infinity":1,"s:19:8:19:Infinity":2,"b:20:2:23:Infinity:undefined:undefined:undefined:undefined":0,"s:20:2:23:Infinity":3,"s:21:4:21:Infinity":4,"s:22:4:22:Infinity":5,"s:26:2:58:Infinity":6,"s:27:16:27:Infinity":7,"s:28:21:28:Infinity":8,"s:31:10:31:Infinity":9,"b:32:4:42:Infinity:34:11:42:Infinity":1,"s:32:4:42:Infinity":10,"s:33:6:33:Infinity":11,"s:36:6:41:Infinity":12,"s:37:25:37:Infinity":13,"s:38:8:38:Infinity":14,"s:40:8:40:Infinity":15,"b:40:64:40:76:40:76:40:85":2,"s:45:4:50:Infinity":16,"s:46:12:46:Infinity":17,"b:47:6:49:Infinity:undefined:undefined:undefined:undefined":3,"s:47:6:49:Infinity":18,"s:48:8:48:Infinity":19,"b:53:4:55:Infinity:undefined:undefined:undefined:undefined":4,"s:53:4:55:Infinity":20,"s:54:6:54:Infinity":21,"s:57:4:57:Infinity":22,"b:57:63:57:75:57:75:57:84":5,"s:60:2:60:Infinity":23}}}
,"/Users/hieuho/InternsAIver2/packages/core/src/package-io/intern-package-writer.ts": {"path":"/Users/hieuho/InternsAIver2/packages/core/src/package-io/intern-package-writer.ts","statementMap":{"0":{"start":{"line":9,"column":2},"end":{"line":9,"column":null}},"1":{"start":{"line":12,"column":2},"end":{"line":15,"column":null}},"2":{"start":{"line":18,"column":2},"end":{"line":21,"column":null}},"3":{"start":{"line":24,"column":2},"end":{"line":30,"column":null}},"4":{"start":{"line":25,"column":4},"end":{"line":29,"column":null}},"5":{"start":{"line":26,"column":12},"end":{"line":26,"column":null}},"6":{"start":{"line":27,"column":6},"end":{"line":27,"column":null}},"7":{"start":{"line":28,"column":6},"end":{"line":28,"column":null}},"8":{"start":{"line":33,"column":2},"end":{"line":33,"column":null}},"9":{"start":{"line":36,"column":2},"end":{"line":38,"column":null}},"10":{"start":{"line":37,"column":4},"end":{"line":37,"column":null}}},"fnMap":{"0":{"name":"writeInternPackage","decl":{"start":{"line":7,"column":16},"end":{"line":7,"column":35}},"loc":{"start":{"line":7,"column":74},"end":{"line":39,"column":null}},"line":7}},"branchMap":{"0":{"loc":{"start":{"line":24,"column":2},"end":{"line":30,"column":null}},"type":"if","locations":[{"start":{"line":24,"column":2},"end":{"line":30,"column":null}},{"start":{},"end":{}}],"line":24},"1":{"loc":{"start":{"line":36,"column":2},"end":{"line":38,"column":null}},"type":"if","locations":[{"start":{"line":36,"column":2},"end":{"line":38,"column":null}},{"start":{},"end":{}}],"line":36}},"s":{"0":22,"1":22,"2":22,"3":22,"4":20,"5":100,"6":100,"7":100,"8":22,"9":22,"10":20},"f":{"0":22},"b":{"0":[20,2],"1":[20,2]},"meta":{"lastBranch":2,"lastFunction":1,"lastStatement":11,"seen":{"f:7:16:7:35":0,"s:9:2:9:Infinity":0,"s:12:2:15:Infinity":1,"s:18:2:21:Infinity":2,"b:24:2:30:Infinity:undefined:undefined:undefined:undefined":0,"s:24:2:30:Infinity":3,"s:25:4:29:Infinity":4,"s:26:12:26:Infinity":5,"s:27:6:27:Infinity":6,"s:28:6:28:Infinity":7,"s:33:2:33:Infinity":8,"b:36:2:38:Infinity:undefined:undefined:undefined:undefined":1,"s:36:2:38:Infinity":9,"s:37:4:37:Infinity":10}}}
,"/Users/hieuho/InternsAIver2/packages/core/src/types/intern-manifest.ts": {"path":"/Users/hieuho/InternsAIver2/packages/core/src/types/intern-manifest.ts","statementMap":{"0":{"start":{"line":25,"column":19},"end":{"line":25,"column":null}},"1":{"start":{"line":27,"column":36},"end":{"line":42,"column":null}}},"fnMap":{},"branchMap":{},"s":{"0":3,"1":3},"f":{},"b":{},"meta":{"lastBranch":0,"lastFunction":0,"lastStatement":2,"seen":{"s:25:19:25:Infinity":0,"s:27:36:42:Infinity":1}}}
,"/Users/hieuho/InternsAIver2/packages/core/src/validators/aieos-zod-schema.ts": {"path":"/Users/hieuho/InternsAIver2/packages/core/src/validators/aieos-zod-schema.ts","statementMap":{"0":{"start":{"line":5,"column":27},"end":{"line":12,"column":null}},"1":{"start":{"line":14,"column":20},"end":{"line":20,"column":null}},"2":{"start":{"line":22,"column":20},"end":{"line":27,"column":null}},"3":{"start":{"line":29,"column":24},"end":{"line":33,"column":null}},"4":{"start":{"line":35,"column":23},"end":{"line":40,"column":null}},"5":{"start":{"line":42,"column":33},"end":{"line":127,"column":null}},"6":{"start":{"line":131,"column":2},"end":{"line":131,"column":null}}},"fnMap":{"0":{"name":"validateAieos","decl":{"start":{"line":130,"column":16},"end":{"line":130,"column":30}},"loc":{"start":{"line":130,"column":58},"end":{"line":132,"column":null}},"line":130}},"branchMap":{},"s":{"0":4,"1":4,"2":4,"3":4,"4":4,"5":4,"6":54},"f":{"0":54},"b":{},"meta":{"lastBranch":0,"lastFunction":1,"lastStatement":7,"seen":{"s:5:27:12:Infinity":0,"s:14:20:20:Infinity":1,"s:22:20:27:Infinity":2,"s:29:24:33:Infinity":3,"s:35:23:40:Infinity":4,"s:42:33:127:Infinity":5,"f:130:16:130:30":0,"s:131:2:131:Infinity":6}}}
}
